2012/08/07 06:37:31 [error] [exception.CException] exception 'CException' with message 'Property "Customer.totalPayments" is not defined.' in C:\wamp\www\yii\framework\base\CComponent.php:131
Stack trace:
#0 C:\wamp\www\yii\framework\db\ar\CActiveRecord.php(128): CComponent->__get('totalPayments')
#1 C:\wamp\www\foodbox\protected\views\user\view.php(51): CActiveRecord->__get('totalPayments')
#2 C:\wamp\www\yii\framework\web\CBaseController.php(119): require('C:\wamp\www\foo...')
#3 C:\wamp\www\yii\framework\web\CBaseController.php(88): CBaseController->renderInternal('C:\wamp\www\foo...', Array, true)
#4 C:\wamp\www\yii\framework\web\CController.php(866): CBaseController->renderFile('C:\wamp\www\foo...', Array, true)
#5 C:\wamp\www\yii\framework\web\CController.php(779): CController->renderPartial('view', Array, true)
#6 C:\wamp\www\foodbox\protected\controllers\UserController.php(55): CController->render('view', Array)
#7 [internal function]: UserController->actionView('1')
#8 C:\wamp\www\yii\framework\web\actions\CAction.php(104): ReflectionMethod->invokeArgs(Object(UserController), Array)
#9 C:\wamp\www\yii\framework\web\actions\CInlineAction.php(48): CAction->runWithParamsInternal(Object(UserController), Object(ReflectionMethod), Array)
#10 C:\wamp\www\yii\framework\web\CController.php(300): CInlineAction->runWithParams(Array)
#11 C:\wamp\www\yii\framework\web\filters\CFilterChain.php(133): CController->runAction(Object(CInlineAction))
#12 C:\wamp\www\yii\framework\web\filters\CFilter.php(41): CFilterChain->run()
#13 C:\wamp\www\yii\framework\web\CController.php(1122): CFilter->filter(Object(CFilterChain))
#14 C:\wamp\www\yii\framework\web\filters\CInlineFilter.php(59): CController->filterAccessControl(Object(CFilterChain))
#15 C:\wamp\www\yii\framework\web\filters\CFilterChain.php(130): CInlineFilter->filter(Object(CFilterChain))
#16 C:\wamp\www\yii\framework\web\CController.php(283): CFilterChain->run()
#17 C:\wamp\www\yii\framework\web\CController.php(257): CController->runActionWithFilters(Object(CInlineAction), Array)
#18 C:\wamp\www\yii\framework\web\CWebApplication.php(328): CController->run('view')
#19 C:\wamp\www\yii\framework\web\CWebApplication.php(121): CWebApplication->runController('user/view')
#20 C:\wamp\www\yii\framework\base\CApplication.php(155): CWebApplication->processRequest()
#21 C:\wamp\www\foodbox\index.php(19): CApplication->run()
#22 {main} REQUEST_URI=/foodbox/index.php?r=user/view&id=1
2012/08/07 06:38:50 [error] [exception.CDbException] exception 'CDbException' with message 'Active record "Customer" has an invalid configuration for relation "totalPayments". It must specify the relation type, the related active record class and the foreign key.' in C:\wamp\www\yii\framework\db\ar\CActiveRecord.php:2273
Stack trace:
#0 C:\wamp\www\yii\framework\db\ar\CActiveRecord.php(2252): CActiveRecordMetaData->addRelation('totalPayments', Array)
#1 C:\wamp\www\yii\framework\db\ar\CActiveRecord.php(371): CActiveRecordMetaData->__construct(Object(Customer))
#2 C:\wamp\www\yii\framework\db\ar\CActiveFinder.php(218): CActiveRecord::model('Customer')
#3 C:\wamp\www\yii\framework\db\ar\CActiveFinder.php(51): CActiveFinder->buildJoinTree(Object(CJoinElement), 'Customer')
#4 C:\wamp\www\yii\framework\db\ar\CActiveRecord.php(257): CActiveFinder->__construct(Object(User), 'Customer')
#5 C:\wamp\www\yii\framework\db\ar\CActiveRecord.php(126): CActiveRecord->getRelated('Customer')
#6 C:\wamp\www\foodbox\protected\views\user\view.php(33): CActiveRecord->__get('Customer')
#7 C:\wamp\www\yii\framework\web\CBaseController.php(119): require('C:\wamp\www\foo...')
#8 C:\wamp\www\yii\framework\web\CBaseController.php(88): CBaseController->renderInternal('C:\wamp\www\foo...', Array, true)
#9 C:\wamp\www\yii\framework\web\CController.php(866): CBaseController->renderFile('C:\wamp\www\foo...', Array, true)
#10 C:\wamp\www\yii\framework\web\CController.php(779): CController->renderPartial('view', Array, true)
#11 C:\wamp\www\foodbox\protected\controllers\UserController.php(55): CController->render('view', Array)
#12 [internal function]: UserController->actionView('1')
#13 C:\wamp\www\yii\framework\web\actions\CAction.php(104): ReflectionMethod->invokeArgs(Object(UserController), Array)
#14 C:\wamp\www\yii\framework\web\actions\CInlineAction.php(48): CAction->runWithParamsInternal(Object(UserController), Object(ReflectionMethod), Array)
#15 C:\wamp\www\yii\framework\web\CController.php(300): CInlineAction->runWithParams(Array)
#16 C:\wamp\www\yii\framework\web\filters\CFilterChain.php(133): CController->runAction(Object(CInlineAction))
#17 C:\wamp\www\yii\framework\web\filters\CFilter.php(41): CFilterChain->run()
#18 C:\wamp\www\yii\framework\web\CController.php(1122): CFilter->filter(Object(CFilterChain))
#19 C:\wamp\www\yii\framework\web\filters\CInlineFilter.php(59): CController->filterAccessControl(Object(CFilterChain))
#20 C:\wamp\www\yii\framework\web\filters\CFilterChain.php(130): CInlineFilter->filter(Object(CFilterChain))
#21 C:\wamp\www\yii\framework\web\CController.php(283): CFilterChain->run()
#22 C:\wamp\www\yii\framework\web\CController.php(257): CController->runActionWithFilters(Object(CInlineAction), Array)
#23 C:\wamp\www\yii\framework\web\CWebApplication.php(328): CController->run('view')
#24 C:\wamp\www\yii\framework\web\CWebApplication.php(121): CWebApplication->runController('user/view')
#25 C:\wamp\www\yii\framework\base\CApplication.php(155): CWebApplication->processRequest()
#26 C:\wamp\www\foodbox\index.php(19): CApplication->run()
#27 {main} REQUEST_URI=/foodbox/index.php?r=user/view&id=1
2012/08/07 06:46:39 [error] [exception.CHttpException.404] exception 'CHttpException' with message 'The requested page does not exist.' in C:\wamp\www\foodbox\protected\controllers\UserController.php:185
Stack trace:
#0 C:\wamp\www\foodbox\protected\controllers\UserController.php(54): UserController->loadModel('3')
#1 [internal function]: UserController->actionView('3')
#2 C:\wamp\www\yii\framework\web\actions\CAction.php(104): ReflectionMethod->invokeArgs(Object(UserController), Array)
#3 C:\wamp\www\yii\framework\web\actions\CInlineAction.php(48): CAction->runWithParamsInternal(Object(UserController), Object(ReflectionMethod), Array)
#4 C:\wamp\www\yii\framework\web\CController.php(300): CInlineAction->runWithParams(Array)
#5 C:\wamp\www\yii\framework\web\filters\CFilterChain.php(133): CController->runAction(Object(CInlineAction))
#6 C:\wamp\www\yii\framework\web\filters\CFilter.php(41): CFilterChain->run()
#7 C:\wamp\www\yii\framework\web\CController.php(1122): CFilter->filter(Object(CFilterChain))
#8 C:\wamp\www\yii\framework\web\filters\CInlineFilter.php(59): CController->filterAccessControl(Object(CFilterChain))
#9 C:\wamp\www\yii\framework\web\filters\CFilterChain.php(130): CInlineFilter->filter(Object(CFilterChain))
#10 C:\wamp\www\yii\framework\web\CController.php(283): CFilterChain->run()
#11 C:\wamp\www\yii\framework\web\CController.php(257): CController->runActionWithFilters(Object(CInlineAction), Array)
#12 C:\wamp\www\yii\framework\web\CWebApplication.php(328): CController->run('view')
#13 C:\wamp\www\yii\framework\web\CWebApplication.php(121): CWebApplication->runController('user/view')
#14 C:\wamp\www\yii\framework\base\CApplication.php(155): CWebApplication->processRequest()
#15 C:\wamp\www\foodbox\index.php(19): CApplication->run()
#16 {main} REQUEST_URI=/foodbox/index.php?r=user/view&id=3
2012/08/07 06:47:14 [error] [exception.CHttpException.404] exception 'CHttpException' with message 'The requested page does not exist.' in C:\wamp\www\foodbox\protected\controllers\UserController.php:185
Stack trace:
#0 C:\wamp\www\foodbox\protected\controllers\UserController.php(54): UserController->loadModel('1')
#1 [internal function]: UserController->actionView('1')
#2 C:\wamp\www\yii\framework\web\actions\CAction.php(104): ReflectionMethod->invokeArgs(Object(UserController), Array)
#3 C:\wamp\www\yii\framework\web\actions\CInlineAction.php(48): CAction->runWithParamsInternal(Object(UserController), Object(ReflectionMethod), Array)
#4 C:\wamp\www\yii\framework\web\CController.php(300): CInlineAction->runWithParams(Array)
#5 C:\wamp\www\yii\framework\web\filters\CFilterChain.php(133): CController->runAction(Object(CInlineAction))
#6 C:\wamp\www\yii\framework\web\filters\CFilter.php(41): CFilterChain->run()
#7 C:\wamp\www\yii\framework\web\CController.php(1122): CFilter->filter(Object(CFilterChain))
#8 C:\wamp\www\yii\framework\web\filters\CInlineFilter.php(59): CController->filterAccessControl(Object(CFilterChain))
#9 C:\wamp\www\yii\framework\web\filters\CFilterChain.php(130): CInlineFilter->filter(Object(CFilterChain))
#10 C:\wamp\www\yii\framework\web\CController.php(283): CFilterChain->run()
#11 C:\wamp\www\yii\framework\web\CController.php(257): CController->runActionWithFilters(Object(CInlineAction), Array)
#12 C:\wamp\www\yii\framework\web\CWebApplication.php(328): CController->run('view')
#13 C:\wamp\www\yii\framework\web\CWebApplication.php(121): CWebApplication->runController('user/view')
#14 C:\wamp\www\yii\framework\base\CApplication.php(155): CWebApplication->processRequest()
#15 C:\wamp\www\foodbox\index.php(19): CApplication->run()
#16 {main} REQUEST_URI=/foodbox/index.php?r=user/view&id=1
